#
# An unexpected error has been detected by Java Runtime Environment:
#
#  EXCEPTION_ACCESS_VIOLATION (0xc0000005) at pc=0x100a7f17, pid=3432, tid=3488
#
# Java VM: Java HotSpot(TM) Client VM (10.0-b22 mixed mode, sharing windows-x86)
# Problematic frame:
# C  [GOOGLEPINYIN2.IME+0xa7f17]
#
# If you would like to submit a bug report, please visit:
#   http://java.sun.com/webapps/bugreport/crash.jsp
# The crash happened outside the Java Virtual Machine in native code.
# See problematic frame for where to report the bug.
#

---------------  T H R E A D  ---------------

Current thread (0x02b58000):  JavaThread "AWT-Windows" daemon [_thread_in_native, id=3488, stack(0x02f30000,0x02f80000)]

siginfo: ExceptionCode=0xc0000005, reading address 0x00000004

Registers:
EAX=0x06451ae8, EBX=0x034ae8c0, ECX=0x00000000, EDX=0x00000002
ESP=0x02f7f760, EBP=0x02f7f798, ESI=0x06451ae8, EDI=0x00000002
EIP=0x100a7f17, EFLAGS=0x00010246

Top of Stack: (sp=0x02f7f760)
0x02f7f760:   00000001 100a56ba 00030494 06451ae8
0x02f7f770:   00000111 00000002 00030494 100a5c72
0x02f7f780:   06451ae8 02f7f798 02f7f800 100a5c20
0x02f7f790:   02f7f7c4 00000000 00000000 77d18734
0x02f7f7a0:   00030494 00000111 00000002 00030494
0x02f7f7b0:   100a5c20 dcbaabcd 00000000 02f7f800
0x02f7f7c0:   100a5c20 02f7f82c 77d18816 100a5c20
0x02f7f7d0:   00030494 00000111 00000002 00030494 

Instructions: (pc=0x100a7f17)
0x100a7f07:   cc cc cc cc cc cc cc cc cc 53 8b 58 04 8b 4b 50
0x100a7f17:   8b 49 04 56 57 52 e8 5e 96 ff ff 85 c0 74 29 8b 


Stack: [0x02f30000,0x02f80000],  sp=0x02f7f760,  free space=317k
Native frames: (J=compiled Java code, j=interpreted, Vv=VM code, C=native code)
C  [GOOGLEPINYIN2.IME+0xa7f17]

Java frames: (J=compiled Java code, j=interpreted, Vv=VM code)
v  ~BufferBlob::Interpreter
v  ~BufferBlob::Interpreter
v  ~BufferBlob::Interpreter
v  ~BufferBlob::StubRoutines (1)

---------------  P R O C E S S  ---------------

Java Threads: ( => current thread )
  0x035f0c00 JavaThread "Thread-1" daemon [_thread_in_native, id=3536, stack(0x079d0000,0x07a20000)]
  0x035e8800 JavaThread "TimerQueue" daemon [_thread_blocked, id=3524, stack(0x07980000,0x079d0000)]
  0x00845c00 JavaThread "DestroyJavaVM" [_thread_blocked, id=3468, stack(0x008e0000,0x00930000)]
  0x02b59400 JavaThread "AWT-EventQueue-0" [_thread_blocked, id=3516, stack(0x03500000,0x03550000)]
=>0x02b58000 JavaThread "AWT-Windows" daemon [_thread_in_native, id=3488, stack(0x02f30000,0x02f80000)]
  0x02b57000 JavaThread "AWT-Shutdown" [_thread_blocked, id=3128, stack(0x02ee0000,0x02f30000)]
  0x02b56400 JavaThread "Java2D Disposer" daemon [_thread_blocked, id=3136, stack(0x02e90000,0x02ee0000)]
  0x02b0a400 JavaThread "Low Memory Detector" daemon [_thread_blocked, id=3484, stack(0x02d80000,0x02dd0000)]
  0x02b04400 JavaThread "CompilerThread0" daemon [_thread_blocked, id=3480, stack(0x02d30000,0x02d80000)]
  0x02b03400 JavaThread "Attach Listener" daemon [_thread_blocked, id=3440, stack(0x02ce0000,0x02d30000)]
  0x02b1f400 JavaThread "Signal Dispatcher" daemon [_thread_blocked, id=3380, stack(0x02c90000,0x02ce0000)]
  0x02ac1c00 JavaThread "Finalizer" daemon [_thread_blocked, id=3472, stack(0x02c40000,0x02c90000)]
  0x02abd800 JavaThread "Reference Handler" daemon [_thread_blocked, id=3476, stack(0x02bf0000,0x02c40000)]

Other Threads:
  0x02abc400 VMThread [stack: 0x02ba0000,0x02bf0000] [id=3460]
  0x02b16400 WatcherThread [stack: 0x02dd0000,0x02e20000] [id=3132]

VM state:not at safepoint (normal execution)

VM Mutex/Monitor currently owned by a thread: None

Heap
 def new generation   total 960K, used 121K [0x229e0000, 0x22ae0000, 0x22ec0000)
  eden space 896K,   6% used [0x229e0000, 0x229ee6f8, 0x22ac0000)
  from space 64K, 100% used [0x22ac0000, 0x22ad0000, 0x22ad0000)
  to   space 64K,   0% used [0x22ad0000, 0x22ad0000, 0x22ae0000)
 tenured generation   total 4096K, used 955K [0x22ec0000, 0x232c0000, 0x269e0000)
   the space 4096K,  23% used [0x22ec0000, 0x22faec68, 0x22faee00, 0x232c0000)
 compacting perm gen  total 12288K, used 572K [0x269e0000, 0x275e0000, 0x2a9e0000)
   the space 12288K,   4% used [0x269e0000, 0x26a6f2e8, 0x26a6f400, 0x275e0000)
    ro space 8192K,  62% used [0x2a9e0000, 0x2aee2a60, 0x2aee2c00, 0x2b1e0000)
    rw space 12288K,  52% used [0x2b1e0000, 0x2b8286e0, 0x2b828800, 0x2bde0000)

Dynamic libraries:
0x00400000 - 0x00423000 	C:\Program Files\Java\jre1.6.0_06\bin\javaw.exe
0x7c920000 - 0x7c9b6000 	C:\WINDOWS\system32\ntdll.dll
0x7c800000 - 0x7c91e000 	C:\WINDOWS\system32\kernel32.dll
0x77da0000 - 0x77e49000 	C:\WINDOWS\system32\ADVAPI32.dll
0x77e50000 - 0x77ee3000 	C:\WINDOWS\system32\RPCRT4.dll
0x77fc0000 - 0x77fd1000 	C:\WINDOWS\system32\Secur32.dll
0x77d10000 - 0x77da0000 	C:\WINDOWS\system32\USER32.dll
0x77ef0000 - 0x77f39000 	C:\WINDOWS\system32\GDI32.dll
0x76300000 - 0x7631d000 	C:\WINDOWS\system32\IMM32.DLL
0x62c20000 - 0x62c29000 	C:\WINDOWS\system32\LPK.DLL
0x73fa0000 - 0x7400b000 	C:\WINDOWS\system32\USP10.dll
0x7c340000 - 0x7c396000 	C:\Program Files\Java\jre1.6.0_06\bin\msvcr71.dll
0x6d7c0000 - 0x6da10000 	C:\Program Files\Java\jre1.6.0_06\bin\client\jvm.dll
0x76b10000 - 0x76b3a000 	C:\WINDOWS\system32\WINMM.dll
0x6d270000 - 0x6d278000 	C:\Program Files\Java\jre1.6.0_06\bin\hpi.dll
0x76bc0000 - 0x76bcb000 	C:\WINDOWS\system32\PSAPI.DLL
0x6d770000 - 0x6d77c000 	C:\Program Files\Java\jre1.6.0_06\bin\verify.dll
0x6d310000 - 0x6d32f000 	C:\Program Files\Java\jre1.6.0_06\bin\java.dll
0x6d7b0000 - 0x6d7bf000 	C:\Program Files\Java\jre1.6.0_06\bin\zip.dll
0x6d000000 - 0x6d12e000 	C:\Program Files\Java\jre1.6.0_06\bin\awt.dll
0x72f70000 - 0x72f96000 	C:\WINDOWS\system32\WINSPOOL.DRV
0x77be0000 - 0x77c38000 	C:\WINDOWS\system32\msvcrt.dll
0x76990000 - 0x76ace000 	C:\WINDOWS\system32\ole32.dll
0x5adc0000 - 0x5adf7000 	C:\WINDOWS\system32\uxtheme.dll
0x736d0000 - 0x7371b000 	C:\WINDOWS\system32\ddraw.dll
0x73b30000 - 0x73b36000 	C:\WINDOWS\system32\DCIMAN32.dll
0x74680000 - 0x746cc000 	C:\WINDOWS\system32\MSCTF.dll
0x73640000 - 0x7366e000 	C:\WINDOWS\system32\msctfime.ime
0x10000000 - 0x10352000 	C:\WINDOWS\system32\GOOGLEPINYIN2.IME
0x765e0000 - 0x76673000 	C:\WINDOWS\system32\CRYPT32.dll
0x76db0000 - 0x76dc2000 	C:\WINDOWS\system32\MSASN1.dll
0x7d590000 - 0x7dd84000 	C:\WINDOWS\system32\SHELL32.dll
0x77f40000 - 0x77fb6000 	C:\WINDOWS\system32\SHLWAPI.dll
0x77bd0000 - 0x77bd8000 	C:\WINDOWS\system32\VERSION.dll
0x76c00000 - 0x76c2e000 	C:\WINDOWS\system32\WINTRUST.dll
0x76c60000 - 0x76c88000 	C:\WINDOWS\system32\IMAGEHLP.dll
0x770f0000 - 0x7717b000 	C:\WINDOWS\system32\OLEAUT32.dll
0x5d170000 - 0x5d20a000 	C:\WINDOWS\system32\COMCTL32.dll
0x762f0000 - 0x762f5000 	C:\WINDOWS\system32\MSIMG32.dll
0x4ae90000 - 0x4b03b000 	C:\WINDOWS\WinSxS\x86_Microsoft.Windows.GdiPlus_6595b64144ccf1df_1.0.6002.22791_x-ww_c8dff154\gdiplus.dll
0x68d60000 - 0x68e01000 	C:\WINDOWS\system32\dbghelp.dll
0x759d0000 - 0x75a7f000 	C:\WINDOWS\system32\USERENV.dll
0x3e410000 - 0x3e4e1000 	C:\WINDOWS\system32\WININET.dll
0x02fd0000 - 0x02fd9000 	C:\WINDOWS\system32\Normaliz.dll
0x3eab0000 - 0x3eaf5000 	C:\WINDOWS\system32\iertutil.dll
0x77180000 - 0x77283000 	C:\WINDOWS\WinSxS\x86_Microsoft.Windows.Common-Controls_6595b64144ccf1df_6.0.2600.6028_x-ww_61e65202\comctl32.dll
0x6d210000 - 0x6d263000 	C:\Program Files\Java\jre1.6.0_06\bin\fontmanager.dll
0x6d570000 - 0x6d583000 	C:\Program Files\Java\jre1.6.0_06\bin\net.dll
0x71a20000 - 0x71a37000 	C:\WINDOWS\system32\WS2_32.dll
0x71a10000 - 0x71a18000 	C:\WINDOWS\system32\WS2HELP.dll
0x6d590000 - 0x6d599000 	C:\Program Files\Java\jre1.6.0_06\bin\nio.dll
0x76fa0000 - 0x7701f000 	C:\WINDOWS\system32\CLBCATQ.DLL
0x77020000 - 0x770ba000 	C:\WINDOWS\system32\COMRes.dll
0x5dd50000 - 0x5de73000 	C:\WINDOWS\system32\msxml3.dll

VM Arguments:
jvm_args: -Dfile.encoding=GBK 
java_command: GUI1
Launcher Type: SUN_STANDARD

Environment Variables:
JAVA_HOME=C:\Program Files\Java\jdk1.6.0_06
CLASSPATH=.;C:\Program Files\Java\jdk1.6.0_06\lib\dt.jar;C:\Program Files\Java\jdk1.6.0_06\lib\tools.jar;
PATH=C:/Program Files/Java/jre1.6.0_06/bin/client;C:/Program Files/Java/jre1.6.0_06/bin;C:/Program Files/Java/jre1.6.0_06/lib/i386;C:\Program Files\IBM\SDP\AgentController\bin;C:\WINDOWS\system32;C:\WINDOWS;C:\WINDOWS\System32\Wbem;C:\Program Files\Microsoft SQL Server\80\Tools\BINN;C:\Program Files\Rational\common;C:\Program Files\Java\jdk1.6.0_06\bin;C:\strawberry\c\bin;C:\strawberry\perl\bin;C:\Program Files\TortoiseSVN\bin;C:\Program Files\Java\jdk1.6.0_06\bin;C:\Program Files\Java\jdk1.6.0_06\jre\bin;;C:\eclipse;
USERNAME=XHC
OS=Windows_NT
PROCESSOR_IDENTIFIER=x86 Family 6 Model 42 Stepping 7, GenuineIntel



---------------  S Y S T E M  ---------------

OS: Windows XP Build 2600 Service Pack 3

CPU:total 1 (1 cores per cpu, 1 threads per core) family 6 model 10 stepping 7, cmov, cx8, fxsr, mmx, sse, sse2, sse3, ssse3

Memory: 4k page, physical 2096624k(1393128k free), swap 3512788k(2910272k free)

vm_info: Java HotSpot(TM) Client VM (10.0-b22) for windows-x86 JRE (1.6.0_06-b02), built on Mar 25 2008 01:22:05 by "java_re" with MS VC++ 7.1

time: Wed May 29 09:54:22 2013
elapsed time: 8 seconds

